2021-06-23 08:10:17.635  INFO 8064 --- [restartedMain] c.m.iwp.InsuranceWingProgramApplication  : Starting InsuranceWingProgramApplication using Java 15.0.2 on DESKTOP-PSPH0JU with PID 8064 (C:\Users\Dell\git\SpringInsuranceProject\InsuranceWingProgram\target\classes started by Dell in C:\Users\Dell\git\SpringInsuranceProject\InsuranceWingProgram)
2021-06-23 08:10:17.664  INFO 8064 --- [restartedMain] c.m.iwp.InsuranceWingProgramApplication  : The following profiles are active: dev
2021-06-23 08:10:17.835  INFO 8064 --- [restartedMain] .e.DevToolsPropertyDefaultsPostProcessor : Devtools property defaults active! Set 'spring.devtools.add-properties' to 'false' to disable
2021-06-23 08:10:17.839  INFO 8064 --- [restartedMain] .e.DevToolsPropertyDefaultsPostProcessor : For additional web related logging consider setting the 'logging.level.web' property to 'DEBUG'
2021-06-23 08:10:21.126  INFO 8064 --- [restartedMain] .s.d.r.c.RepositoryConfigurationDelegate : Bootstrapping Spring Data JPA repositories in DEFAULT mode.
2021-06-23 08:10:21.297  INFO 8064 --- [restartedMain] .s.d.r.c.RepositoryConfigurationDelegate : Finished Spring Data repository scanning in 131 ms. Found 3 JPA repository interfaces.
2021-06-23 08:10:23.141  INFO 8064 --- [restartedMain] o.s.b.w.embedded.tomcat.TomcatWebServer  : Tomcat initialized with port(s): 8001 (http)
2021-06-23 08:10:23.190  INFO 8064 --- [restartedMain] o.apache.catalina.core.StandardService   : Starting service [Tomcat]
2021-06-23 08:10:23.191  INFO 8064 --- [restartedMain] org.apache.catalina.core.StandardEngine  : Starting Servlet engine: [Apache Tomcat/9.0.46]
2021-06-23 08:10:23.382  INFO 8064 --- [restartedMain] o.a.c.c.C.[Tomcat].[localhost].[/]       : Initializing Spring embedded WebApplicationContext
2021-06-23 08:10:23.383  INFO 8064 --- [restartedMain] w.s.c.ServletWebServerApplicationContext : Root WebApplicationContext: initialization completed in 5542 ms
2021-06-23 08:10:24.533  INFO 8064 --- [restartedMain] com.zaxxer.hikari.HikariDataSource       : HikariPool-1 - Starting...
2021-06-23 08:10:25.298  INFO 8064 --- [restartedMain] com.zaxxer.hikari.HikariDataSource       : HikariPool-1 - Start completed.
2021-06-23 08:10:54.321  INFO 8064 --- [restartedMain] j.LocalContainerEntityManagerFactoryBean : Initialized JPA EntityManagerFactory for persistence unit 'default'
2021-06-23 08:10:54.526  WARN 8064 --- [restartedMain] JpaBaseConfiguration$JpaWebConfiguration : spring.jpa.open-in-view is enabled by default. Therefore, database queries may be performed during view rendering. Explicitly configure spring.jpa.open-in-view to disable this warning
2021-06-23 08:10:56.913  INFO 8064 --- [restartedMain] o.s.s.web.DefaultSecurityFilterChain     : Will secure any request with [org.springframework.security.web.context.request.async.WebAsyncManagerIntegrationFilter@b94a818, org.springframework.security.web.context.SecurityContextPersistenceFilter@4f3711cd, org.springframework.security.web.header.HeaderWriterFilter@25ca1f9a, org.springframework.security.web.csrf.CsrfFilter@7f91a1e6, org.springframework.security.web.authentication.logout.LogoutFilter@5eab0b7d, org.springframework.security.web.authentication.UsernamePasswordAuthenticationFilter@10594443, org.springframework.security.web.authentication.ui.DefaultLoginPageGeneratingFilter@d38de8a, org.springframework.security.web.authentication.ui.DefaultLogoutPageGeneratingFilter@5f823d7d, org.springframework.security.web.savedrequest.RequestCacheAwareFilter@771b0236, org.springframework.security.web.servletapi.SecurityContextHolderAwareRequestFilter@32c7baee, org.springframework.security.web.authentication.AnonymousAuthenticationFilter@36496647, org.springframework.security.web.session.SessionManagementFilter@5a440e9d, org.springframework.security.web.access.ExceptionTranslationFilter@72b095e8, org.springframework.security.web.access.intercept.FilterSecurityInterceptor@2b6d044a]
2021-06-23 08:10:58.087  INFO 8064 --- [restartedMain] o.s.b.d.a.OptionalLiveReloadServer       : LiveReload server is running on port 35729
2021-06-23 08:10:58.684  WARN 8064 --- [restartedMain] ion$DefaultTemplateResolverConfiguration : Cannot find template location: classpath:/templates/ (please add some templates or check your Thymeleaf configuration)
2021-06-23 08:10:58.852  INFO 8064 --- [restartedMain] o.s.b.w.embedded.tomcat.TomcatWebServer  : Tomcat started on port(s): 8001 (http) with context path ''
2021-06-23 08:10:59.254  INFO 8064 --- [restartedMain] c.m.iwp.InsuranceWingProgramApplication  : Started InsuranceWingProgramApplication in 43.057 seconds (JVM running for 45.803)
2021-06-23 08:10:59.256  INFO 8064 --- [restartedMain] o.s.b.a.ApplicationAvailabilityBean      : Application availability state LivenessState changed to CORRECT
2021-06-23 08:10:59.260  INFO 8064 --- [restartedMain] o.s.b.a.ApplicationAvailabilityBean      : Application availability state ReadinessState changed to ACCEPTING_TRAFFIC
2021-06-23 08:20:23.475  INFO 8064 --- [Thread-6] o.s.b.a.ApplicationAvailabilityBean      : Application availability state ReadinessState changed from ACCEPTING_TRAFFIC to REFUSING_TRAFFIC
2021-06-23 08:20:23.518  INFO 8064 --- [Thread-6] j.LocalContainerEntityManagerFactoryBean : Closing JPA EntityManagerFactory for persistence unit 'default'
2021-06-23 08:20:23.562  INFO 8064 --- [Thread-6] com.zaxxer.hikari.HikariDataSource       : HikariPool-1 - Shutdown initiated...
2021-06-23 08:20:23.581  INFO 8064 --- [Thread-6] com.zaxxer.hikari.HikariDataSource       : HikariPool-1 - Shutdown completed.
2021-06-23 08:20:23.698  INFO 8064 --- [restartedMain] c.m.iwp.InsuranceWingProgramApplication  : Starting InsuranceWingProgramApplication using Java 15.0.2 on DESKTOP-PSPH0JU with PID 8064 (C:\Users\Dell\git\SpringInsuranceProject\InsuranceWingProgram\target\classes started by Dell in C:\Users\Dell\git\SpringInsuranceProject\InsuranceWingProgram)
2021-06-23 08:20:23.698  INFO 8064 --- [restartedMain] c.m.iwp.InsuranceWingProgramApplication  : The following profiles are active: dev
2021-06-23 08:20:24.096  INFO 8064 --- [restartedMain] .s.d.r.c.RepositoryConfigurationDelegate : Bootstrapping Spring Data JPA repositories in DEFAULT mode.
2021-06-23 08:20:24.121  INFO 8064 --- [restartedMain] .s.d.r.c.RepositoryConfigurationDelegate : Finished Spring Data repository scanning in 23 ms. Found 3 JPA repository interfaces.
2021-06-23 08:20:24.245  INFO 8064 --- [restartedMain] o.s.b.w.embedded.tomcat.TomcatWebServer  : Tomcat initialized with port(s): 8001 (http)
2021-06-23 08:20:24.246  INFO 8064 --- [restartedMain] o.apache.catalina.core.StandardService   : Starting service [Tomcat]
2021-06-23 08:20:24.246  INFO 8064 --- [restartedMain] org.apache.catalina.core.StandardEngine  : Starting Servlet engine: [Apache Tomcat/9.0.46]
2021-06-23 08:20:24.272  INFO 8064 --- [restartedMain] o.a.c.c.C.[Tomcat].[localhost].[/]       : Initializing Spring embedded WebApplicationContext
2021-06-23 08:20:24.272  INFO 8064 --- [restartedMain] w.s.c.ServletWebServerApplicationContext : Root WebApplicationContext: initialization completed in 570 ms
2021-06-23 08:20:24.322  INFO 8064 --- [restartedMain] com.zaxxer.hikari.HikariDataSource       : HikariPool-2 - Starting...
2021-06-23 08:20:24.350  INFO 8064 --- [restartedMain] com.zaxxer.hikari.HikariDataSource       : HikariPool-2 - Start completed.
2021-06-23 08:20:50.784  INFO 8064 --- [restartedMain] j.LocalContainerEntityManagerFactoryBean : Initialized JPA EntityManagerFactory for persistence unit 'default'
2021-06-23 08:20:50.852  WARN 8064 --- [restartedMain] JpaBaseConfiguration$JpaWebConfiguration : spring.jpa.open-in-view is enabled by default. Therefore, database queries may be performed during view rendering. Explicitly configure spring.jpa.open-in-view to disable this warning
2021-06-23 08:20:51.083  INFO 8064 --- [restartedMain] o.s.s.web.DefaultSecurityFilterChain     : Will secure any request with [org.springframework.security.web.context.request.async.WebAsyncManagerIntegrationFilter@7b6d7a52, org.springframework.security.web.context.SecurityContextPersistenceFilter@a7aa83c, org.springframework.security.web.header.HeaderWriterFilter@3f597c8d, org.springframework.security.web.csrf.CsrfFilter@627dc251, org.springframework.security.web.authentication.logout.LogoutFilter@62d60830, org.springframework.security.web.authentication.UsernamePasswordAuthenticationFilter@302e9000, org.springframework.security.web.authentication.ui.DefaultLoginPageGeneratingFilter@76750dc9, org.springframework.security.web.authentication.ui.DefaultLogoutPageGeneratingFilter@35ff8290, org.springframework.security.web.savedrequest.RequestCacheAwareFilter@48806190, org.springframework.security.web.servletapi.SecurityContextHolderAwareRequestFilter@3cc9d119, org.springframework.security.web.authentication.AnonymousAuthenticationFilter@68fc391, org.springframework.security.web.session.SessionManagementFilter@6198de4, org.springframework.security.web.access.ExceptionTranslationFilter@1786813, org.springframework.security.web.access.intercept.FilterSecurityInterceptor@25e2c42a]
2021-06-23 08:20:51.131  INFO 8064 --- [restartedMain] o.s.b.d.a.OptionalLiveReloadServer       : LiveReload server is running on port 35729
2021-06-23 08:20:51.161  WARN 8064 --- [restartedMain] ion$DefaultTemplateResolverConfiguration : Cannot find template location: classpath:/templates/ (please add some templates or check your Thymeleaf configuration)
2021-06-23 08:20:51.209  INFO 8064 --- [restartedMain] o.s.b.w.embedded.tomcat.TomcatWebServer  : Tomcat started on port(s): 8001 (http) with context path ''
2021-06-23 08:20:51.403  INFO 8064 --- [restartedMain] c.m.iwp.InsuranceWingProgramApplication  : Started InsuranceWingProgramApplication in 27.751 seconds (JVM running for 637.952)
2021-06-23 08:20:51.404  INFO 8064 --- [restartedMain] o.s.b.a.ApplicationAvailabilityBean      : Application availability state LivenessState changed to CORRECT
2021-06-23 08:20:51.406  INFO 8064 --- [restartedMain] .ConditionEvaluationDeltaLoggingListener : Condition evaluation unchanged
2021-06-23 08:20:51.407  INFO 8064 --- [restartedMain] o.s.b.a.ApplicationAvailabilityBean      : Application availability state ReadinessState changed to ACCEPTING_TRAFFIC
2021-06-23 08:21:20.275  INFO 8064 --- [http-nio-8001-exec-1] o.a.c.c.C.[Tomcat].[localhost].[/]       : Initializing Spring DispatcherServlet 'dispatcherServlet'
2021-06-23 08:21:38.551  INFO 8064 --- [Thread-10] o.s.b.a.ApplicationAvailabilityBean      : Application availability state ReadinessState changed from ACCEPTING_TRAFFIC to REFUSING_TRAFFIC
2021-06-23 08:21:38.586  INFO 8064 --- [Thread-10] j.LocalContainerEntityManagerFactoryBean : Closing JPA EntityManagerFactory for persistence unit 'default'
2021-06-23 08:21:38.587  INFO 8064 --- [Thread-10] com.zaxxer.hikari.HikariDataSource       : HikariPool-2 - Shutdown initiated...
2021-06-23 08:21:38.592  INFO 8064 --- [Thread-10] com.zaxxer.hikari.HikariDataSource       : HikariPool-2 - Shutdown completed.
2021-06-23 08:21:38.709  INFO 8064 --- [restartedMain] c.m.iwp.InsuranceWingProgramApplication  : Starting InsuranceWingProgramApplication using Java 15.0.2 on DESKTOP-PSPH0JU with PID 8064 (C:\Users\Dell\git\SpringInsuranceProject\InsuranceWingProgram\target\classes started by Dell in C:\Users\Dell\git\SpringInsuranceProject\InsuranceWingProgram)
2021-06-23 08:21:38.709  INFO 8064 --- [restartedMain] c.m.iwp.InsuranceWingProgramApplication  : The following profiles are active: dev
2021-06-23 08:21:39.127  INFO 8064 --- [restartedMain] .s.d.r.c.RepositoryConfigurationDelegate : Bootstrapping Spring Data JPA repositories in DEFAULT mode.
2021-06-23 08:21:39.154  INFO 8064 --- [restartedMain] .s.d.r.c.RepositoryConfigurationDelegate : Finished Spring Data repository scanning in 26 ms. Found 3 JPA repository interfaces.
2021-06-23 08:21:39.287  INFO 8064 --- [restartedMain] o.s.b.w.embedded.tomcat.TomcatWebServer  : Tomcat initialized with port(s): 8001 (http)
2021-06-23 08:21:39.288  INFO 8064 --- [restartedMain] o.apache.catalina.core.StandardService   : Starting service [Tomcat]
2021-06-23 08:21:39.288  INFO 8064 --- [restartedMain] org.apache.catalina.core.StandardEngine  : Starting Servlet engine: [Apache Tomcat/9.0.46]
2021-06-23 08:21:39.319  INFO 8064 --- [restartedMain] o.a.c.c.C.[Tomcat].[localhost].[/]       : Initializing Spring embedded WebApplicationContext
2021-06-23 08:21:39.319  INFO 8064 --- [restartedMain] w.s.c.ServletWebServerApplicationContext : Root WebApplicationContext: initialization completed in 605 ms
2021-06-23 08:21:39.368  INFO 8064 --- [restartedMain] com.zaxxer.hikari.HikariDataSource       : HikariPool-3 - Starting...
2021-06-23 08:21:39.395  INFO 8064 --- [restartedMain] com.zaxxer.hikari.HikariDataSource       : HikariPool-3 - Start completed.
2021-06-23 08:22:09.482  INFO 8064 --- [restartedMain] j.LocalContainerEntityManagerFactoryBean : Initialized JPA EntityManagerFactory for persistence unit 'default'
2021-06-23 08:22:09.527  WARN 8064 --- [restartedMain] JpaBaseConfiguration$JpaWebConfiguration : spring.jpa.open-in-view is enabled by default. Therefore, database queries may be performed during view rendering. Explicitly configure spring.jpa.open-in-view to disable this warning
2021-06-23 08:22:09.745  INFO 8064 --- [restartedMain] o.s.s.web.DefaultSecurityFilterChain     : Will secure any request with [org.springframework.security.web.context.request.async.WebAsyncManagerIntegrationFilter@5617353f, org.springframework.security.web.context.SecurityContextPersistenceFilter@6446498c, org.springframework.security.web.header.HeaderWriterFilter@36689660, org.springframework.security.web.csrf.CsrfFilter@40fa5f9, org.springframework.security.web.authentication.logout.LogoutFilter@798af516, org.springframework.security.web.authentication.UsernamePasswordAuthenticationFilter@78199420, org.springframework.security.web.authentication.ui.DefaultLoginPageGeneratingFilter@2a993962, org.springframework.security.web.authentication.ui.DefaultLogoutPageGeneratingFilter@6cdea8c8, org.springframework.security.web.savedrequest.RequestCacheAwareFilter@3df717b5, org.springframework.security.web.servletapi.SecurityContextHolderAwareRequestFilter@4f5e5dfd, org.springframework.security.web.authentication.AnonymousAuthenticationFilter@4685b0fa, org.springframework.security.web.session.SessionManagementFilter@1d1f17bb, org.springframework.security.web.access.ExceptionTranslationFilter@3efcf29b, org.springframework.security.web.access.intercept.FilterSecurityInterceptor@12170ccd]
2021-06-23 08:22:09.792  INFO 8064 --- [restartedMain] o.s.b.d.a.OptionalLiveReloadServer       : LiveReload server is running on port 35729
2021-06-23 08:22:09.821  WARN 8064 --- [restartedMain] ion$DefaultTemplateResolverConfiguration : Cannot find template location: classpath:/templates/ (please add some templates or check your Thymeleaf configuration)
2021-06-23 08:22:09.863  INFO 8064 --- [restartedMain] o.s.b.w.embedded.tomcat.TomcatWebServer  : Tomcat started on port(s): 8001 (http) with context path ''
2021-06-23 08:22:10.034  INFO 8064 --- [restartedMain] c.m.iwp.InsuranceWingProgramApplication  : Started InsuranceWingProgramApplication in 31.378 seconds (JVM running for 716.582)
2021-06-23 08:22:10.035  INFO 8064 --- [restartedMain] o.s.b.a.ApplicationAvailabilityBean      : Application availability state LivenessState changed to CORRECT
2021-06-23 08:22:10.038  INFO 8064 --- [restartedMain] .ConditionEvaluationDeltaLoggingListener : Condition evaluation unchanged
2021-06-23 08:22:10.039  INFO 8064 --- [restartedMain] o.s.b.a.ApplicationAvailabilityBean      : Application availability state ReadinessState changed to ACCEPTING_TRAFFIC
2021-06-23 08:22:16.782  INFO 8064 --- [http-nio-8001-exec-1] o.a.c.c.C.[Tomcat].[localhost].[/]       : Initializing Spring DispatcherServlet 'dispatcherServlet'
2021-06-23 08:24:12.820  INFO 8064 --- [Thread-16] o.s.b.a.ApplicationAvailabilityBean      : Application availability state ReadinessState changed from ACCEPTING_TRAFFIC to REFUSING_TRAFFIC
2021-06-23 08:24:12.843  INFO 8064 --- [Thread-16] j.LocalContainerEntityManagerFactoryBean : Closing JPA EntityManagerFactory for persistence unit 'default'
2021-06-23 08:24:12.844  INFO 8064 --- [Thread-16] com.zaxxer.hikari.HikariDataSource       : HikariPool-3 - Shutdown initiated...
2021-06-23 08:24:12.848  INFO 8064 --- [Thread-16] com.zaxxer.hikari.HikariDataSource       : HikariPool-3 - Shutdown completed.
2021-06-23 08:24:12.953  INFO 8064 --- [restartedMain] c.m.iwp.InsuranceWingProgramApplication  : Starting InsuranceWingProgramApplication using Java 15.0.2 on DESKTOP-PSPH0JU with PID 8064 (C:\Users\Dell\git\SpringInsuranceProject\InsuranceWingProgram\target\classes started by Dell in C:\Users\Dell\git\SpringInsuranceProject\InsuranceWingProgram)
2021-06-23 08:24:12.953  INFO 8064 --- [restartedMain] c.m.iwp.InsuranceWingProgramApplication  : The following profiles are active: dev
2021-06-23 08:24:13.333  INFO 8064 --- [restartedMain] .s.d.r.c.RepositoryConfigurationDelegate : Bootstrapping Spring Data JPA repositories in DEFAULT mode.
2021-06-23 08:24:13.356  INFO 8064 --- [restartedMain] .s.d.r.c.RepositoryConfigurationDelegate : Finished Spring Data repository scanning in 22 ms. Found 3 JPA repository interfaces.
2021-06-23 08:24:13.472  INFO 8064 --- [restartedMain] o.s.b.w.embedded.tomcat.TomcatWebServer  : Tomcat initialized with port(s): 8001 (http)
2021-06-23 08:24:13.473  INFO 8064 --- [restartedMain] o.apache.catalina.core.StandardService   : Starting service [Tomcat]
2021-06-23 08:24:13.473  INFO 8064 --- [restartedMain] org.apache.catalina.core.StandardEngine  : Starting Servlet engine: [Apache Tomcat/9.0.46]
2021-06-23 08:24:13.528  INFO 8064 --- [restartedMain] o.a.c.c.C.[Tomcat].[localhost].[/]       : Initializing Spring embedded WebApplicationContext
2021-06-23 08:24:13.529  INFO 8064 --- [restartedMain] w.s.c.ServletWebServerApplicationContext : Root WebApplicationContext: initialization completed in 573 ms
2021-06-23 08:24:13.604  INFO 8064 --- [restartedMain] com.zaxxer.hikari.HikariDataSource       : HikariPool-4 - Starting...
2021-06-23 08:24:13.634  INFO 8064 --- [restartedMain] com.zaxxer.hikari.HikariDataSource       : HikariPool-4 - Start completed.
2021-06-23 08:24:41.426  INFO 8064 --- [restartedMain] j.LocalContainerEntityManagerFactoryBean : Initialized JPA EntityManagerFactory for persistence unit 'default'
2021-06-23 08:24:41.482  WARN 8064 --- [restartedMain] JpaBaseConfiguration$JpaWebConfiguration : spring.jpa.open-in-view is enabled by default. Therefore, database queries may be performed during view rendering. Explicitly configure spring.jpa.open-in-view to disable this warning
2021-06-23 08:24:41.697  INFO 8064 --- [restartedMain] o.s.s.web.DefaultSecurityFilterChain     : Will secure any request with [org.springframework.security.web.context.request.async.WebAsyncManagerIntegrationFilter@6404cdec, org.springframework.security.web.context.SecurityContextPersistenceFilter@1096eb3, org.springframework.security.web.header.HeaderWriterFilter@5e62ed2f, org.springframework.security.web.csrf.CsrfFilter@6f8c6ef8, org.springframework.security.web.authentication.logout.LogoutFilter@1bb50e24, org.springframework.security.web.authentication.UsernamePasswordAuthenticationFilter@ce32188, org.springframework.security.web.authentication.ui.DefaultLoginPageGeneratingFilter@283ecca1, org.springframework.security.web.authentication.ui.DefaultLogoutPageGeneratingFilter@2d050142, org.springframework.security.web.savedrequest.RequestCacheAwareFilter@1dac8d03, org.springframework.security.web.servletapi.SecurityContextHolderAwareRequestFilter@546e000c, org.springframework.security.web.authentication.AnonymousAuthenticationFilter@11f19b72, org.springframework.security.web.session.SessionManagementFilter@d7e3a4a, org.springframework.security.web.access.ExceptionTranslationFilter@602f92db, org.springframework.security.web.access.intercept.FilterSecurityInterceptor@2fb27f57]
2021-06-23 08:24:41.752  INFO 8064 --- [restartedMain] o.s.b.d.a.OptionalLiveReloadServer       : LiveReload server is running on port 35729
2021-06-23 08:24:41.780  WARN 8064 --- [restartedMain] ion$DefaultTemplateResolverConfiguration : Cannot find template location: classpath:/templates/ (please add some templates or check your Thymeleaf configuration)
2021-06-23 08:24:41.822  INFO 8064 --- [restartedMain] o.s.b.w.embedded.tomcat.TomcatWebServer  : Tomcat started on port(s): 8001 (http) with context path ''
2021-06-23 08:24:41.981  INFO 8064 --- [restartedMain] c.m.iwp.InsuranceWingProgramApplication  : Started InsuranceWingProgramApplication in 29.063 seconds (JVM running for 868.529)
2021-06-23 08:24:41.982  INFO 8064 --- [restartedMain] o.s.b.a.ApplicationAvailabilityBean      : Application availability state LivenessState changed to CORRECT
2021-06-23 08:24:41.985  INFO 8064 --- [restartedMain] .ConditionEvaluationDeltaLoggingListener : Condition evaluation unchanged
2021-06-23 08:24:41.985  INFO 8064 --- [restartedMain] o.s.b.a.ApplicationAvailabilityBean      : Application availability state ReadinessState changed to ACCEPTING_TRAFFIC
2021-06-23 08:25:33.075  INFO 8064 --- [http-nio-8001-exec-1] o.a.c.c.C.[Tomcat].[localhost].[/]       : Initializing Spring DispatcherServlet 'dispatcherServlet'
2021-06-23 08:26:10.350  INFO 8064 --- [Thread-22] o.s.b.a.ApplicationAvailabilityBean      : Application availability state ReadinessState changed from ACCEPTING_TRAFFIC to REFUSING_TRAFFIC
2021-06-23 08:26:10.376  INFO 8064 --- [Thread-22] j.LocalContainerEntityManagerFactoryBean : Closing JPA EntityManagerFactory for persistence unit 'default'
2021-06-23 08:26:10.377  INFO 8064 --- [Thread-22] com.zaxxer.hikari.HikariDataSource       : HikariPool-4 - Shutdown initiated...
2021-06-23 08:26:10.381  INFO 8064 --- [Thread-22] com.zaxxer.hikari.HikariDataSource       : HikariPool-4 - Shutdown completed.
2021-06-23 08:26:10.495  INFO 8064 --- [restartedMain] c.m.iwp.InsuranceWingProgramApplication  : Starting InsuranceWingProgramApplication using Java 15.0.2 on DESKTOP-PSPH0JU with PID 8064 (C:\Users\Dell\git\SpringInsuranceProject\InsuranceWingProgram\target\classes started by Dell in C:\Users\Dell\git\SpringInsuranceProject\InsuranceWingProgram)
2021-06-23 08:26:10.496  INFO 8064 --- [restartedMain] c.m.iwp.InsuranceWingProgramApplication  : The following profiles are active: dev
2021-06-23 08:26:10.886  INFO 8064 --- [restartedMain] .s.d.r.c.RepositoryConfigurationDelegate : Bootstrapping Spring Data JPA repositories in DEFAULT mode.
2021-06-23 08:26:10.914  INFO 8064 --- [restartedMain] .s.d.r.c.RepositoryConfigurationDelegate : Finished Spring Data repository scanning in 27 ms. Found 3 JPA repository interfaces.
2021-06-23 08:26:11.042  INFO 8064 --- [restartedMain] o.s.b.w.embedded.tomcat.TomcatWebServer  : Tomcat initialized with port(s): 8001 (http)
2021-06-23 08:26:11.043  INFO 8064 --- [restartedMain] o.apache.catalina.core.StandardService   : Starting service [Tomcat]
2021-06-23 08:26:11.044  INFO 8064 --- [restartedMain] org.apache.catalina.core.StandardEngine  : Starting Servlet engine: [Apache Tomcat/9.0.46]
2021-06-23 08:26:11.071  INFO 8064 --- [restartedMain] o.a.c.c.C.[Tomcat].[localhost].[/]       : Initializing Spring embedded WebApplicationContext
2021-06-23 08:26:11.071  INFO 8064 --- [restartedMain] w.s.c.ServletWebServerApplicationContext : Root WebApplicationContext: initialization completed in 573 ms
2021-06-23 08:26:11.127  INFO 8064 --- [restartedMain] com.zaxxer.hikari.HikariDataSource       : HikariPool-5 - Starting...
2021-06-23 08:26:11.155  INFO 8064 --- [restartedMain] com.zaxxer.hikari.HikariDataSource       : HikariPool-5 - Start completed.
2021-06-23 08:26:37.696  INFO 8064 --- [restartedMain] j.LocalContainerEntityManagerFactoryBean : Initialized JPA EntityManagerFactory for persistence unit 'default'
2021-06-23 08:26:37.743  WARN 8064 --- [restartedMain] JpaBaseConfiguration$JpaWebConfiguration : spring.jpa.open-in-view is enabled by default. Therefore, database queries may be performed during view rendering. Explicitly configure spring.jpa.open-in-view to disable this warning
2021-06-23 08:26:38.247  INFO 8064 --- [restartedMain] o.s.s.web.DefaultSecurityFilterChain     : Will secure any request with [org.springframework.security.web.context.request.async.WebAsyncManagerIntegrationFilter@2b61dc9a, org.springframework.security.web.context.SecurityContextPersistenceFilter@54a16533, org.springframework.security.web.header.HeaderWriterFilter@70ae974e, org.springframework.security.web.csrf.CsrfFilter@4a5fcc14, org.springframework.security.web.authentication.logout.LogoutFilter@15b2e2c, org.springframework.security.web.authentication.UsernamePasswordAuthenticationFilter@1689f4ed, org.springframework.security.web.authentication.ui.DefaultLoginPageGeneratingFilter@37243625, org.springframework.security.web.authentication.ui.DefaultLogoutPageGeneratingFilter@169e3890, org.springframework.security.web.savedrequest.RequestCacheAwareFilter@27d779a, org.springframework.security.web.servletapi.SecurityContextHolderAwareRequestFilter@66d947c, org.springframework.security.web.authentication.AnonymousAuthenticationFilter@71c912b0, org.springframework.security.web.session.SessionManagementFilter@60aa3a5e, org.springframework.security.web.access.ExceptionTranslationFilter@d5b6a2f, org.springframework.security.web.access.intercept.FilterSecurityInterceptor@79b3c06b]
2021-06-23 08:26:38.350  INFO 8064 --- [restartedMain] o.s.b.d.a.OptionalLiveReloadServer       : LiveReload server is running on port 35729
2021-06-23 08:26:38.408  WARN 8064 --- [restartedMain] ion$DefaultTemplateResolverConfiguration : Cannot find template location: classpath:/templates/ (please add some templates or check your Thymeleaf configuration)
2021-06-23 08:26:38.507  INFO 8064 --- [restartedMain] o.s.b.w.embedded.tomcat.TomcatWebServer  : Tomcat started on port(s): 8001 (http) with context path ''
2021-06-23 08:26:38.847  INFO 8064 --- [restartedMain] c.m.iwp.InsuranceWingProgramApplication  : Started InsuranceWingProgramApplication in 28.389 seconds (JVM running for 985.395)
2021-06-23 08:26:38.848  INFO 8064 --- [restartedMain] o.s.b.a.ApplicationAvailabilityBean      : Application availability state LivenessState changed to CORRECT
2021-06-23 08:26:38.851  INFO 8064 --- [restartedMain] .ConditionEvaluationDeltaLoggingListener : Condition evaluation unchanged
2021-06-23 08:26:38.852  INFO 8064 --- [restartedMain] o.s.b.a.ApplicationAvailabilityBean      : Application availability state ReadinessState changed to ACCEPTING_TRAFFIC
2021-06-23 08:28:20.771  INFO 8064 --- [Thread-28] o.s.b.a.ApplicationAvailabilityBean      : Application availability state ReadinessState changed from ACCEPTING_TRAFFIC to REFUSING_TRAFFIC
2021-06-23 08:28:20.798  INFO 8064 --- [Thread-28] j.LocalContainerEntityManagerFactoryBean : Closing JPA EntityManagerFactory for persistence unit 'default'
2021-06-23 08:28:20.799  INFO 8064 --- [Thread-28] com.zaxxer.hikari.HikariDataSource       : HikariPool-5 - Shutdown initiated...
2021-06-23 08:28:20.804  INFO 8064 --- [Thread-28] com.zaxxer.hikari.HikariDataSource       : HikariPool-5 - Shutdown completed.
2021-06-23 08:28:20.938  INFO 8064 --- [restartedMain] c.m.iwp.InsuranceWingProgramApplication  : Starting InsuranceWingProgramApplication using Java 15.0.2 on DESKTOP-PSPH0JU with PID 8064 (C:\Users\Dell\git\SpringInsuranceProject\InsuranceWingProgram\target\classes started by Dell in C:\Users\Dell\git\SpringInsuranceProject\InsuranceWingProgram)
2021-06-23 08:28:20.938  INFO 8064 --- [restartedMain] c.m.iwp.InsuranceWingProgramApplication  : The following profiles are active: dev
2021-06-23 08:28:21.353  INFO 8064 --- [restartedMain] .s.d.r.c.RepositoryConfigurationDelegate : Bootstrapping Spring Data JPA repositories in DEFAULT mode.
2021-06-23 08:28:21.381  INFO 8064 --- [restartedMain] .s.d.r.c.RepositoryConfigurationDelegate : Finished Spring Data repository scanning in 26 ms. Found 3 JPA repository interfaces.
2021-06-23 08:28:21.520  INFO 8064 --- [restartedMain] o.s.b.w.embedded.tomcat.TomcatWebServer  : Tomcat initialized with port(s): 8001 (http)
2021-06-23 08:28:21.521  INFO 8064 --- [restartedMain] o.apache.catalina.core.StandardService   : Starting service [Tomcat]
2021-06-23 08:28:21.522  INFO 8064 --- [restartedMain] org.apache.catalina.core.StandardEngine  : Starting Servlet engine: [Apache Tomcat/9.0.46]
2021-06-23 08:28:21.548  INFO 8064 --- [restartedMain] o.a.c.c.C.[Tomcat].[localhost].[/]       : Initializing Spring embedded WebApplicationContext
2021-06-23 08:28:21.549  INFO 8064 --- [restartedMain] w.s.c.ServletWebServerApplicationContext : Root WebApplicationContext: initialization completed in 608 ms
2021-06-23 08:28:21.600  INFO 8064 --- [restartedMain] com.zaxxer.hikari.HikariDataSource       : HikariPool-6 - Starting...
2021-06-23 08:28:21.630  INFO 8064 --- [restartedMain] com.zaxxer.hikari.HikariDataSource       : HikariPool-6 - Start completed.
2021-06-23 08:28:52.097  INFO 8064 --- [restartedMain] j.LocalContainerEntityManagerFactoryBean : Initialized JPA EntityManagerFactory for persistence unit 'default'
2021-06-23 08:28:52.125  WARN 8064 --- [restartedMain] JpaBaseConfiguration$JpaWebConfiguration : spring.jpa.open-in-view is enabled by default. Therefore, database queries may be performed during view rendering. Explicitly configure spring.jpa.open-in-view to disable this warning
2021-06-23 08:28:52.366  INFO 8064 --- [restartedMain] o.s.s.web.DefaultSecurityFilterChain     : Will secure any request with [org.springframework.security.web.context.request.async.WebAsyncManagerIntegrationFilter@14c31dc7, org.springframework.security.web.context.SecurityContextPersistenceFilter@27a3148a, org.springframework.security.web.header.HeaderWriterFilter@193a931f, org.springframework.security.web.csrf.CsrfFilter@47cb4b54, org.springframework.security.web.authentication.logout.LogoutFilter@15cc58fa, org.springframework.security.web.authentication.UsernamePasswordAuthenticationFilter@42202754, org.springframework.security.web.authentication.ui.DefaultLoginPageGeneratingFilter@490e96eb, org.springframework.security.web.authentication.ui.DefaultLogoutPageGeneratingFilter@25f24a03, org.springframework.security.web.savedrequest.RequestCacheAwareFilter@4544cbab, org.springframework.security.web.servletapi.SecurityContextHolderAwareRequestFilter@82b1a77, org.springframework.security.web.authentication.AnonymousAuthenticationFilter@4771e33c, org.springframework.security.web.session.SessionManagementFilter@3a2f6970, org.springframework.security.web.access.ExceptionTranslationFilter@4e35860b, org.springframework.security.web.access.intercept.FilterSecurityInterceptor@5bc724cd]
2021-06-23 08:28:52.414  INFO 8064 --- [restartedMain] o.s.b.d.a.OptionalLiveReloadServer       : LiveReload server is running on port 35729
2021-06-23 08:28:52.443  WARN 8064 --- [restartedMain] ion$DefaultTemplateResolverConfiguration : Cannot find template location: classpath:/templates/ (please add some templates or check your Thymeleaf configuration)
2021-06-23 08:28:52.490  INFO 8064 --- [restartedMain] o.s.b.w.embedded.tomcat.TomcatWebServer  : Tomcat started on port(s): 8001 (http) with context path ''
2021-06-23 08:28:52.673  INFO 8064 --- [restartedMain] c.m.iwp.InsuranceWingProgramApplication  : Started InsuranceWingProgramApplication in 31.779 seconds (JVM running for 1119.222)
2021-06-23 08:28:52.674  INFO 8064 --- [restartedMain] o.s.b.a.ApplicationAvailabilityBean      : Application availability state LivenessState changed to CORRECT
2021-06-23 08:28:52.677  INFO 8064 --- [restartedMain] .ConditionEvaluationDeltaLoggingListener : Condition evaluation unchanged
2021-06-23 08:28:52.678  INFO 8064 --- [restartedMain] o.s.b.a.ApplicationAvailabilityBean      : Application availability state ReadinessState changed to ACCEPTING_TRAFFIC
2021-06-23 08:30:01.009  INFO 8064 --- [http-nio-8001-exec-1] o.a.c.c.C.[Tomcat].[localhost].[/]       : Initializing Spring DispatcherServlet 'dispatcherServlet'
2021-06-23 11:06:43.664  WARN 8064 --- [HikariPool-6 housekeeper] com.zaxxer.hikari.pool.HikariPool        : HikariPool-6 - Thread starvation or clock leap detected (housekeeper delta=2h13m21s647ms9µs800ns).
2021-06-23 11:19:02.301  INFO 8064 --- [Thread-34] o.s.b.a.ApplicationAvailabilityBean      : Application availability state ReadinessState changed from ACCEPTING_TRAFFIC to REFUSING_TRAFFIC
2021-06-23 11:19:02.326  INFO 8064 --- [Thread-34] j.LocalContainerEntityManagerFactoryBean : Closing JPA EntityManagerFactory for persistence unit 'default'
2021-06-23 11:19:02.327  INFO 8064 --- [Thread-34] com.zaxxer.hikari.HikariDataSource       : HikariPool-6 - Shutdown initiated...
2021-06-23 11:19:02.333  INFO 8064 --- [Thread-34] com.zaxxer.hikari.HikariDataSource       : HikariPool-6 - Shutdown completed.
2021-06-23 11:19:02.455  INFO 8064 --- [restartedMain] c.m.iwp.InsuranceWingProgramApplication  : Starting InsuranceWingProgramApplication using Java 15.0.2 on DESKTOP-PSPH0JU with PID 8064 (C:\Users\Dell\git\SpringInsuranceProject\InsuranceWingProgram\target\classes started by Dell in C:\Users\Dell\git\SpringInsuranceProject\InsuranceWingProgram)
2021-06-23 11:19:02.455  INFO 8064 --- [restartedMain] c.m.iwp.InsuranceWingProgramApplication  : The following profiles are active: dev
2021-06-23 11:19:02.842  INFO 8064 --- [restartedMain] .s.d.r.c.RepositoryConfigurationDelegate : Bootstrapping Spring Data JPA repositories in DEFAULT mode.
2021-06-23 11:19:02.867  INFO 8064 --- [restartedMain] .s.d.r.c.RepositoryConfigurationDelegate : Finished Spring Data repository scanning in 23 ms. Found 3 JPA repository interfaces.
2021-06-23 11:19:03.003  INFO 8064 --- [restartedMain] o.s.b.w.embedded.tomcat.TomcatWebServer  : Tomcat initialized with port(s): 8001 (http)
2021-06-23 11:19:03.004  INFO 8064 --- [restartedMain] o.apache.catalina.core.StandardService   : Starting service [Tomcat]
2021-06-23 11:19:03.004  INFO 8064 --- [restartedMain] org.apache.catalina.core.StandardEngine  : Starting Servlet engine: [Apache Tomcat/9.0.46]
2021-06-23 11:19:03.031  INFO 8064 --- [restartedMain] o.a.c.c.C.[Tomcat].[localhost].[/]       : Initializing Spring embedded WebApplicationContext
2021-06-23 11:19:03.031  INFO 8064 --- [restartedMain] w.s.c.ServletWebServerApplicationContext : Root WebApplicationContext: initialization completed in 573 ms
2021-06-23 11:19:03.088  INFO 8064 --- [restartedMain] com.zaxxer.hikari.HikariDataSource       : HikariPool-7 - Starting...
2021-06-23 11:19:03.122  INFO 8064 --- [restartedMain] com.zaxxer.hikari.HikariDataSource       : HikariPool-7 - Start completed.
2021-06-23 11:19:34.934  INFO 8064 --- [restartedMain] j.LocalContainerEntityManagerFactoryBean : Initialized JPA EntityManagerFactory for persistence unit 'default'
2021-06-23 11:19:34.960  WARN 8064 --- [restartedMain] JpaBaseConfiguration$JpaWebConfiguration : spring.jpa.open-in-view is enabled by default. Therefore, database queries may be performed during view rendering. Explicitly configure spring.jpa.open-in-view to disable this warning
2021-06-23 11:19:35.206  INFO 8064 --- [restartedMain] o.s.s.web.DefaultSecurityFilterChain     : Will secure any request with [org.springframework.security.web.context.request.async.WebAsyncManagerIntegrationFilter@791b8243, org.springframework.security.web.context.SecurityContextPersistenceFilter@4b5196b9, org.springframework.security.web.header.HeaderWriterFilter@432dfb45, org.springframework.security.web.csrf.CsrfFilter@594e47e1, org.springframework.security.web.authentication.logout.LogoutFilter@5e86aac8, org.springframework.security.web.authentication.UsernamePasswordAuthenticationFilter@70665770, org.springframework.security.web.authentication.ui.DefaultLoginPageGeneratingFilter@6c520ca2, org.springframework.security.web.authentication.ui.DefaultLogoutPageGeneratingFilter@6c99dd4c, org.springframework.security.web.savedrequest.RequestCacheAwareFilter@7d1f02bd, org.springframework.security.web.servletapi.SecurityContextHolderAwareRequestFilter@51443988, org.springframework.security.web.authentication.AnonymousAuthenticationFilter@5d3bdcdc, org.springframework.security.web.session.SessionManagementFilter@600ba416, org.springframework.security.web.access.ExceptionTranslationFilter@37103d0b, org.springframework.security.web.access.intercept.FilterSecurityInterceptor@4a6f7f9c]
2021-06-23 11:19:35.283  INFO 8064 --- [restartedMain] o.s.b.d.a.OptionalLiveReloadServer       : LiveReload server is running on port 35729
2021-06-23 11:19:35.313  WARN 8064 --- [restartedMain] ion$DefaultTemplateResolverConfiguration : Cannot find template location: classpath:/templates/ (please add some templates or check your Thymeleaf configuration)
2021-06-23 11:19:35.361  INFO 8064 --- [restartedMain] o.s.b.w.embedded.tomcat.TomcatWebServer  : Tomcat started on port(s): 8001 (http) with context path ''
2021-06-23 11:19:35.518  INFO 8064 --- [restartedMain] c.m.iwp.InsuranceWingProgramApplication  : Started InsuranceWingProgramApplication in 33.102 seconds (JVM running for 11362.096)
2021-06-23 11:19:35.518  INFO 8064 --- [restartedMain] o.s.b.a.ApplicationAvailabilityBean      : Application availability state LivenessState changed to CORRECT
2021-06-23 11:19:35.521  INFO 8064 --- [restartedMain] .ConditionEvaluationDeltaLoggingListener : Condition evaluation unchanged
2021-06-23 11:19:35.521  INFO 8064 --- [restartedMain] o.s.b.a.ApplicationAvailabilityBean      : Application availability state ReadinessState changed to ACCEPTING_TRAFFIC
